c:\cdev\opengl\opengl\debug\vc142.pdb
c:\cdev\opengl\opengl\debug\vc142.idb
c:\cdev\opengl\opengl\debug\glm.obj
c:\cdev\opengl\opengl\debug\main.obj
c:\cdev\opengl\opengl\debug\model.obj
c:\cdev\opengl\opengl\debug\renderer.obj
c:\cdev\opengl\opengl\debug\displaymanager.obj
c:\cdev\opengl\opengl\debug\objloader.obj
c:\cdev\opengl\opengl\debug\shader.obj
c:\cdev\opengl\opengl\debug\entity.obj
c:\cdev\opengl\opengl\debug\ambient.obj
c:\cdev\opengl\opengl\debug\eventmanager.obj
c:\cdev\opengl\opengl\debug\application.obj
c:\cdev\opengl\opengl\debug\opengl.exe
c:\cdev\opengl\opengl\debug\opengl.ilk
c:\cdev\opengl\opengl\debug\opengl.pdb
c:\cdev\opengl\opengl\debug\opengl.tlog\cl.command.1.tlog
c:\cdev\opengl\opengl\debug\opengl.tlog\cl.read.1.tlog
c:\cdev\opengl\opengl\debug\opengl.tlog\cl.write.1.tlog
c:\cdev\opengl\opengl\debug\opengl.tlog\link.command.1.tlog
c:\cdev\opengl\opengl\debug\opengl.tlog\link.read.1.tlog
c:\cdev\opengl\opengl\debug\opengl.tlog\link.write.1.tlog
